# Derivatives solution step at time 0 performed in 1 iterations with 1.38734e-08 error
# Key for lines starting with "Step":
# Step Time TStep NIter ResErr SolErr SolConv Out
Step 0 0 0 1 1.38734e-08 0 0 1
Step 1 0.001 0.001 1 0 0 0 1
Step 2 0.002 0.001 0 1.387343503683288e-08 0 0 1
Step 3 0.003 0.001 0 2.774687006384842e-08 0 0 1
Step 4 0.004 0.001 0 4.162030500259876e-08 0 0 1
Step 5 0.005 0.001 0 5.549373983338152e-08 0 0 1
Step 6 0.006 0.001 0 6.936717468875555e-08 0 0 1
Step 7 0.007 0.001 0 8.324060959313659e-08 0 0 1
Step 8 0.008 0.001 0 9.711404416919328e-08 0 0 1
Step 9 0.009000000000000001 0.001 0 1.109874776846772e-07 0 0 1
Step 10 0.01 0.001 0 1.248609110253164e-07 0 0 1
Step 11 0.011 0.001 0 1.38734346658958e-07 0 0 1
Step 12 0.012 0.001 0 1.52607776765598e-07 0 0 1
Step 13 0.013 0.001 0 1.664812182638776e-07 0 0 1
Step 14 0.01400000000000001 0.001 0 1.803546363060925e-07 0 0 1
Step 15 0.01500000000000001 0.001 0 1.942280968042867e-07 0 0 1
Step 16 0.01600000000000001 0.001 0 2.081014729563552e-07 0 0 1
Step 17 0.01700000000000001 0.001 0 2.21975012787234e-07 0 0 1
Step 18 0.01800000000000001 0.001 0 2.358482374716724e-07 0 0 1
Step 19 0.01900000000000001 0.001 0 2.497220580505699e-07 0 0 1
Step 20 0.02000000000000001 0.001 0 2.635947593671268e-07 0 0 1
Step 21 0.02100000000000001 0.001 0 2.774695189721106e-07 0 0 1
Step 22 0.02200000000000001 0.001 0 2.913405337604204e-07 0 0 1
Step 23 0.02300000000000001 0.001 0 3.052183541261857e-07 0 0 1
Step 24 0.02400000000000001 0.001 0 3.190840137084899e-07 0 0 1
Step 25 0.02500000000000002 0.001 0 3.329716659844995e-07 0 0 1
Step 26 0.02600000000000002 0.001 0 3.468207480306398e-07 0 0 1
Step 27 0.02700000000000002 0.001 0 3.607399236107271e-07 0 0 1
Step 28 0.02800000000000002 0.001 0 3.745396554796834e-07 0 0 1
Step 29 0.02900000000000002 0.001 0 3.885616796488268e-07 0 0 1
Step 30 0.03000000000000002 0.001 0 4.022251589963221e-07 0 0 1
Step 31 0.03100000000000002 0.001 0 4.166023836088511e-07 0 0 1
Step 32 0.03200000000000002 0.001 0 4.299626146437102e-07 0 0 1
Step 33 0.03300000000000002 0.001 0 4.457138046664865e-07 0 0 1
Step 34 0.03400000000000002 0.001 0 4.58973561927806e-07 0 0 1
Step 35 0.03500000000000002 0.001 0 4.809862980777093e-07 0 0 1
Step 36 0.03600000000000003 0.001 0 4.997928584048643e-07 0 0 1
Step 37 0.03700000000000003 0.001 0 5.542774769637816e-07 0 0 1
Step 38 0.03800000000000003 0.001 0 6.249171524762055e-07 0 0 1
Step 39 0.03900000000000003 0.001 0 8.30842635280048e-07 0 0 1
Step 40 0.04000000000000003 0.001 1 1.39561436493914e-16 0 0 1
Step 41 0.04100000000000003 0.001 1 3.417204077349337e-16 0 0 1
Step 42 0.04200000000000003 0.001 0 8.490133013027004e-07 0 0 1
Step 43 0.04300000000000003 0.001 0 2.837045637509904e-07 0 0 1
Step 44 0.04400000000000003 0.001 1 1.376610710193642e-16 0 0 1
Step 45 0.04500000000000003 0.001 0 6.213382036672069e-08 0 0 1
Step 46 0.04600000000000003 0.001 0 4.947080748838483e-07 0 0 1
Step 47 0.04700000000000003 0.001 0 3.104767696464466e-07 0 0 1
Step 48 0.04800000000000004 0.001 1 1.818474345187207e-17 0 0 1
Step 49 0.04900000000000004 0.001 0 2.845349263246814e-07 0 0 1
Step 50 0.05000000000000004 0.001 0 4.235981397608498e-07 0 0 1
Step 51 0.05100000000000004 0.001 0 5.232573616498042e-07 0 0 1
Step 52 0.05200000000000004 0.001 1 9.114250810452707e-17 0 0 1
Step 53 0.05300000000000004 0.001 1 2.917930549687779e-17 0 0 1
Step 54 0.05400000000000004 0.001 0 3.738371925051543e-07 0 0 1
Step 55 0.05500000000000004 0.001 0 1.249241173272832e-07 0 0 1
Step 56 0.05600000000000004 0.001 0 9.151997546514108e-07 0 0 1
Step 57 0.05700000000000004 0.001 0 2.684101908332787e-08 0 0 1
Step 58 0.05800000000000004 0.001 1 1.073452589353034e-16 0 0 1
Step 59 0.05900000000000005 0.001 0 9.509303291545576e-07 0 0 1
Step 60 0.06000000000000005 0.001 0 2.72937712419854e-07 0 0 1
Step 61 0.06100000000000005 0.001 1 2.091669445165079e-16 0 0 1
Step 62 0.06200000000000005 0.001 0 1.793642150018823e-07 0 0 1
Step 63 0.06300000000000004 0.001 0 5.159022262723352e-07 0 0 1
Step 64 0.06400000000000004 0.001 0 5.914576225859803e-07 0 0 1
Step 65 0.06500000000000004 0.001 1 7.311954027848365e-17 0 0 1
Step 66 0.06600000000000004 0.001 0 8.882033168592185e-07 0 0 1
Step 67 0.06700000000000005 0.001 0 6.913211865101175e-07 0 0 1
Step 68 0.06800000000000005 0.001 1 7.826052267771155e-17 0 0 1
Step 69 0.06900000000000005 0.001 1 2.048343003770556e-16 0 0 1
Step 70 0.07000000000000005 0.001 0 3.263448945507929e-07 0 0 1
Step 71 0.07100000000000005 0.001 0 1.09053271793129e-07 0 0 1
Step 72 0.07200000000000005 0.001 0 7.989386463238752e-07 0 0 1
Step 73 0.07300000000000005 0.001 0 2.343394578835684e-08 0 0 1
Step 74 0.07400000000000005 0.001 1 9.858422275595198e-17 0 0 1
Step 75 0.07500000000000005 0.001 0 8.301426671135423e-07 0 0 1
Step 76 0.07600000000000005 0.001 0 2.382623223322477e-07 0 0 1
Step 77 0.07700000000000005 0.001 1 8.847626645232299e-17 0 0 1
Step 78 0.07800000000000006 0.001 0 1.565974113051066e-07 0 0 1
Step 79 0.07900000000000006 0.001 0 4.503694454416305e-07 0 0 1
Step 80 0.08000000000000006 0.001 0 5.163692086576635e-07 0 0 1
Step 81 0.08100000000000006 0.001 0 9.632401171015608e-07 0 0 1
Step 82 0.08200000000000006 0.001 0 7.760066599721088e-07 0 0 1
Step 83 0.08300000000000006 0.001 1 3.398355172621537e-17 0 0 1
Step 84 0.08400000000000006 0.001 0 7.539397012667958e-07 0 0 1
Step 85 0.08500000000000006 0.001 1 3.900795166136255e-18 0 0 1
Step 86 0.08600000000000006 0.001 1 1.002790427907448e-16 0 0 1
Step 87 0.08700000000000006 0.001 0 7.881800876226024e-07 0 0 1
Step 88 0.08800000000000006 0.001 0 2.633980886646751e-07 0 0 1
Step 89 0.08900000000000007 0.001 1 1.745076565602132e-16 0 0 1
Step 90 0.09000000000000007 0.001 0 5.767210619668651e-08 0 0 1
Step 91 0.09100000000000007 0.001 0 4.593553530733446e-07 0 0 1
Step 92 0.09200000000000007 0.001 0 2.882629195942069e-07 0 0 1
Step 93 0.09300000000000007 0.001 1 4.616485430000335e-17 0 0 1
Step 94 0.09400000000000007 0.001 0 2.641479579053405e-07 0 0 1
Step 95 0.09500000000000007 0.001 0 3.933555505813604e-07 0 0 1
Step 96 0.09600000000000007 0.001 0 4.857703830421583e-07 0 0 1
Step 97 0.09700000000000007 0.001 1 8.745942201711985e-17 0 0 1
Step 98 0.09800000000000007 0.001 1 1.191273160982968e-16 0 0 1
Step 99 0.09900000000000007 0.001 0 3.470699770478165e-07 0 0 1
Step 100 0.1000000000000001 0.001 0 1.159890334155132e-07 0 0 1
Step 101 0.1010000000000001 0.001 0 8.497441346509713e-07 0 0 1
Step 102 0.1020000000000001 0.001 0 2.490496414037632e-08 0 0 1
Step 103 0.1030000000000001 0.001 1 2.625533161122455e-17 0 0 1
Step 104 0.1040000000000001 0.001 0 8.829972852018573e-07 0 0 1
Step 105 0.1050000000000001 0.001 0 2.534942586775625e-07 0 0 1
Step 106 0.1060000000000001 0.001 1 2.560891923179849e-16 0 0 1
Step 107 0.1070000000000001 0.001 0 1.664784515147241e-07 0 0 1
Step 108 0.1080000000000001 0.001 0 4.791722114213024e-07 0 0 1
Step 109 0.1090000000000001 0.001 0 5.491182634580565e-07 0 0 1
Step 110 0.1100000000000001 0.001 1 1.160885804466319e-16 0 0 1
Step 111 0.1110000000000001 0.001 0 8.24519345869076e-07 0 0 1
Step 112 0.1120000000000001 0.001 0 6.419670388367335e-07 0 0 1
Step 113 0.1130000000000001 0.001 1 2.048558835693036e-16 0 0 1
Step 114 0.1140000000000001 0.001 1 2.45055981311045e-16 0 0 1
Step 115 0.1150000000000001 0.001 0 3.031622648377246e-07 0 0 1
Step 116 0.1160000000000001 0.001 0 1.013128909903063e-07 0 0 1
Step 117 0.1170000000000001 0.001 0 7.422462980704764e-07 0 0 1
Step 118 0.1180000000000001 0.001 0 2.17628027175141e-08 0 0 1
Step 119 0.1190000000000001 0.001 1 7.221745226376878e-18 0 0 1
Step 120 0.1200000000000001 0.001 0 7.713152957606824e-07 0 0 1
Step 121 0.1210000000000001 0.001 0 2.214165366450673e-07 0 0 1
Step 122 0.1220000000000001 0.001 1 2.038501826291404e-16 0 0 1
Step 123 0.1230000000000001 0.001 0 1.454610757676837e-07 0 0 1
Step 124 0.1240000000000001 0.001 0 4.185557020471874e-07 0 0 1
Step 125 0.1250000000000001 0.001 0 4.797536587504631e-07 0 0 1
Step 126 0.1260000000000001 0.001 0 8.953450699901903e-07 0 0 1
Step 127 0.1270000000000001 0.001 0 7.209469598539045e-07 0 0 1
Step 128 0.1280000000000001 0.001 1 9.71351272774808e-17 0 0 1
Step 129 0.1290000000000001 0.001 0 7.001506191211811e-07 0 0 1
Step 130 0.1300000000000001 0.001 0 9.707721052390314e-07 0 0 1
Step 131 0.1310000000000001 0.001 1 1.562093539012946e-16 0 0 1
Step 132 0.1320000000000001 0.001 1 4.492912036299107e-16 0 0 1
Step 133 0.1330000000000001 0.001 0 6.211539612738097e-07 0 0 1
Step 134 0.1340000000000001 0.001 0 2.07581676979073e-07 0 0 1
Step 135 0.1350000000000001 0.001 1 1.819041025477305e-16 0 0 1
Step 136 0.1360000000000001 0.001 0 4.545610946426856e-08 0 0 1
Step 137 0.1370000000000001 0.001 0 3.620272402592145e-07 0 0 1
Step 138 0.1380000000000001 0.001 0 2.27198449494908e-07 0 0 1
Step 139 0.1390000000000001 0.001 0 8.459156361206662e-07 0 0 1
Step 140 0.1400000000000001 0.001 0 2.086907888812742e-07 0 0 1
Step 141 0.1410000000000001 0.001 1 1.196054209803731e-17 0 0 1
Step 142 0.1420000000000001 0.001 0 3.697634763752501e-07 0 0 1
Step 143 0.1430000000000001 0.001 0 4.722371445917534e-07 0 0 1
Step 144 0.1440000000000001 0.001 1 1.638427858412454e-17 0 0 1
Step 145 0.1450000000000001 0.001 0 8.266192368591277e-07 0 0 1
Step 146 0.1460000000000001 0.001 0 5.128029314488276e-07 0 0 1
Step 147 0.1470000000000001 0.001 1 5.703609461593178e-17 0 0 1
Step 148 0.1480000000000001 0.001 1 1.434524440473897e-16 0 0 1
Step 149 0.1490000000000001 0.001 0 1.922183167293168e-07 0 0 1
Step 150 0.1500000000000001 0.001 0 6.423211787432533e-08 0 0 1
Step 151 0.1510000000000001 0.001 0 4.706065725704839e-07 0 0 1
Step 152 0.1520000000000001 0.001 0 1.381262047351634e-08 0 0 1
Step 153 0.1530000000000001 0.001 0 9.876986491747013e-07 0 0 1
Step 154 0.1540000000000001 0.001 0 4.884973459423753e-07 0 0 1
Step 155 0.1550000000000001 0.001 1 2.652081991299619e-16 0 0 1
Step 156 0.1560000000000001 0.001 1 1.016213799319963e-16 0 0 1
Step 157 0.1570000000000001 0.001 0 1.261097605409626e-07 0 0 1
Step 158 0.1580000000000001 0.001 0 4.214117385684254e-08 0 0 1
Step 159 0.1590000000000001 0.001 0 3.087556166240919e-07 0 0 1
Step 160 0.1600000000000001 0.001 0 9.05972199416952e-09 0 0 1
Step 161 0.1610000000000001 0.001 0 6.480150954252115e-07 0 0 1
Step 162 0.1620000000000001 0.001 0 3.20492102164949e-07 0 0 1
Step 163 0.1630000000000001 0.001 1 5.089065780459162e-19 0 0 1
Step 164 0.1640000000000001 0.001 1 7.808073454898351e-17 0 0 1
Step 165 0.1650000000000001 0.001 0 8.273567837036906e-08 0 0 1
Step 166 0.1660000000000001 0.001 0 2.764663350513544e-08 0 0 1
Step 167 0.1670000000000001 0.001 0 2.025652617603711e-07 0 0 1
Step 168 0.1680000000000001 0.001 0 5.948973574542019e-09 0 0 1
Step 169 0.1690000000000001 0.001 0 4.251487904660104e-07 0 0 1
Step 170 0.1700000000000001 0.001 0 2.102797944671734e-07 0 0 1
Step 171 0.1710000000000001 0.001 0 9.330986063370888e-07 0 0 1
Step 172 0.1720000000000001 0.001 0 8.898950501097335e-07 0 0 1
Step 173 0.1730000000000001 0.001 1 2.644876866312185e-16 0 0 1
Step 174 0.1740000000000001 0.001 1 3.333301804600765e-16 0 0 1
Step 175 0.1750000000000001 0.001 0 5.217202442369273e-07 0 0 1
Step 176 0.1760000000000001 0.001 0 1.743444047712229e-07 0 0 1
Step 177 0.1770000000000001 0.001 1 5.603827414274124e-17 0 0 1
Step 178 0.1780000000000001 0.001 0 3.819286566828544e-08 0 0 1
Step 179 0.1790000000000001 0.001 0 3.040662934922087e-07 0 0 1
Step 180 0.1800000000000001 0.001 0 1.908554966123538e-07 0 0 1
Step 181 0.1810000000000001 0.001 0 7.104695178422269e-07 0 0 1
Step 182 0.1820000000000001 0.001 0 1.753459253989554e-07 0 0 1
Step 183 0.1830000000000001 0.001 1 1.348642073768182e-16 0 0 1
Step 184 0.1840000000000001 0.001 0 3.103947497295907e-07 0 0 1
Step 185 0.1850000000000001 0.001 0 3.966819023723459e-07 0 0 1
Step 186 0.1860000000000001 0.001 0 8.578217061827069e-07 0 0 1
Step 187 0.1870000000000001 0.001 0 6.950200878639868e-07 0 0 1
Step 188 0.1880000000000001 0.001 1 2.666394452739777e-17 0 0 1
Step 189 0.1890000000000001 0.001 0 7.162280556544936e-07 0 0 1
Step 190 0.1900000000000001 0.001 0 9.220135087247424e-07 0 0 1
Step 191 0.1910000000000001 0.001 1 1.065034117675113e-17 0 0 1
Step 192 0.1920000000000001 0.001 1 3.938825444213164e-16 0 0 1
Step 193 0.1930000000000001 0.001 0 5.746415237526453e-07 0 0 1
Step 194 0.1940000000000001 0.001 0 1.920215030844479e-07 0 0 1
Step 195 0.1950000000000001 0.001 1 1.682986153424842e-16 0 0 1
Step 196 0.1960000000000001 0.001 0 4.207644121658132e-08 0 0 1
Step 197 0.1970000000000001 0.001 0 3.348899385560899e-07 0 0 1
Step 198 0.1980000000000001 0.001 0 2.102248986262607e-07 0 0 1
Step 199 0.1990000000000001 0.001 0 7.82464459256264e-07 0 0 1
Step 200 0.2000000000000001 0.001 0 1.931616219945523e-07 0 0 1
Step 201 0.2010000000000002 0.001 1 1.460703620073027e-16 0 0 1
Step 202 0.2020000000000002 0.001 0 3.417261633985391e-07 0 0 1
Step 203 0.2030000000000002 0.001 0 4.369070368899104e-07 0 0 1
Step 204 0.2040000000000002 0.001 0 9.444571595845573e-07 0 0 1
Step 205 0.2050000000000002 0.001 0 7.656019967589413e-07 0 0 1
Step 206 0.2060000000000002 0.001 1 6.058631355081315e-17 0 0 1
Step 207 0.2070000000000002 0.001 0 7.893907654614366e-07 0 0 1
Step 208 0.2080000000000002 0.001 1 1.129991223266366e-16 0 0 1
Step 209 0.2090000000000002 0.001 1 6.787137996703962e-17 0 0 1
Step 210 0.2100000000000002 0.001 0 8.166014269468195e-07 0 0 1
Step 211 0.2110000000000002 0.001 0 2.728893470105201e-07 0 0 1
Step 212 0.2120000000000002 0.001 1 3.407486866859931e-17 0 0 1
Step 213 0.2130000000000002 0.001 0 5.977793485392926e-08 0 0 1
Step 214 0.2140000000000002 0.001 0 4.759476529131654e-07 0 0 1
Step 215 0.2150000000000002 0.001 0 2.987318230941425e-07 0 0 1
Step 216 0.2160000000000002 0.001 1 2.589131711070388e-16 0 0 1
Step 217 0.2170000000000002 0.001 0 2.73821035291635e-07 0 0 1
Step 218 0.2180000000000002 0.001 0 4.076524151631361e-07 0 0 1
Step 219 0.2190000000000002 0.001 0 5.036321790622634e-07 0 0 1
Step 220 0.2200000000000002 0.001 1 1.008292129720633e-16 0 0 1
Step 221 0.2210000000000002 0.001 1 1.997335998999463e-16 0 0 1
Step 222 0.2220000000000002 0.001 0 3.598953657144051e-07 0 0 1
Step 223 0.2230000000000002 0.001 0 1.202702096701312e-07 0 0 1
Step 224 0.2240000000000002 0.001 0 8.811879764086725e-07 0 0 1
Step 225 0.2250000000000002 0.001 0 2.585627795085464e-08 0 0 1
Step 226 0.2260000000000002 0.001 1 2.215269475661014e-16 0 0 1
Step 227 0.2270000000000002 0.001 0 9.15792705673675e-07 0 0 1
Step 228 0.2280000000000002 0.001 0 2.6284780462748e-07 0 0 1
Step 229 0.2290000000000002 0.001 1 4.019198167947777e-17 0 0 1
Step 230 0.2300000000000002 0.001 0 1.728262815102681e-07 0 0 1
Step 231 0.2310000000000002 0.001 0 4.969462351339899e-07 0 0 1
Step 232 0.2320000000000002 0.001 0 5.699098785504269e-07 0 0 1
Step 233 0.2330000000000002 0.001 1 1.809624592937226e-16 0 0 1
Step 234 0.2340000000000002 0.001 0 8.560775993507084e-07 0 0 1
Step 235 0.2350000000000002 0.001 0 6.662347925951096e-07 0 0 1
Step 236 0.2360000000000002 0.001 1 1.942366862261805e-17 0 0 1
Step 237 0.2370000000000002 0.001 1 1.363619176080587e-16 0 0 1
Step 238 0.2380000000000002 0.001 0 3.145194728496641e-07 0 0 1
Step 239 0.2390000000000002 0.001 0 1.051054176544274e-07 0 0 1
Step 240 0.2400000000000002 0.001 0 7.700881688492403e-07 0 0 1
Step 241 0.2410000000000002 0.001 0 2.260470150664513e-08 0 0 1
Step 242 0.2420000000000002 0.001 1 2.601502722334262e-16 0 0 1
Step 243 0.2430000000000002 0.001 0 8.003515956572005e-07 0 0 1
Step 244 0.2440000000000002 0.001 0 2.296964241391243e-07 0 0 1
Step 245 0.2450000000000002 0.001 1 1.160825725014153e-16 0 0 1
Step 246 0.2460000000000002 0.001 0 1.510821548022434e-07 0 0 1
Step 247 0.2470000000000002 0.001 0 4.342881100264722e-07 0 0 1
Step 248 0.2480000000000002 0.001 0 4.981615437899415e-07 0 0 1
Step 249 0.2490000000000002 0.001 0 9.28885580649392e-07 0 0 1
Step 250 0.2500000000000002 0.001 0 7.488847909059142e-07 0 0 1
Step 251 0.2510000000000002 0.001 1 8.465588090578827e-17 0 0 1
Step 252 0.2520000000000002 0.001 0 7.283700211631681e-07 0 0 1
Step 253 0.2530000000000002 0.001 1 1.525414308884937e-16 0 0 1
Step 254 0.2540000000000002 0.001 1 5.560016728050332e-18 0 0 1
Step 255 0.2550000000000002 0.001 0 7.614613810283342e-07 0 0 1
Step 256 0.2560000000000002 0.001 0 2.544766823054189e-07 0 0 1
Step 257 0.2570000000000002 0.001 1 1.724658815882533e-16 0 0 1
Step 258 0.2580000000000002 0.001 0 5.574469580032803e-08 0 0 1
Step 259 0.2590000000000002 0.001 0 4.438904554540544e-07 0 0 1
Step 260 0.2600000000000002 0.001 0 2.786129419145919e-07 0 0 1
Step 261 0.2610000000000002 0.001 1 2.533841245879916e-16 0 0 1
Step 262 0.2620000000000002 0.001 0 2.553875991224854e-07 0 0 1
Step 263 0.2630000000000002 0.001 0 3.802495663082844e-07 0 0 1
Step 264 0.2640000000000002 0.001 0 4.697599638502966e-07 0 0 1
Step 265 0.2650000000000002 0.001 1 6.134695538330737e-17 0 0 1
Step 266 0.2660000000000002 0.001 1 1.585968272953159e-17 0 0 1
Step 267 0.2670000000000002 0.001 0 3.357308748397461e-07 0 0 1
Step 268 0.2680000000000002 0.001 0 1.122032731858517e-07 0 0 1
Step 269 0.2690000000000002 0.001 0 8.220882015424481e-07 0 0 1
Step 270 0.2700000000000002 0.001 0 2.411948265975413e-08 0 0 1
Step 271 0.2710000000000002 0.001 1 1.417017200922048e-16 0 0 1
Step 272 0.2720000000000002 0.001 0 8.544733547174985e-07 0 0 1
Step 273 0.2730000000000002 0.001 0 2.452792480126319e-07 0 0 1
Step 274 0.2740000000000002 0.001 1 1.749392475452729e-16 0 0 1
Step 275 0.2750000000000002 0.001 0 1.612341579702619e-07 0 0 1
Step 276 0.2760000000000002 0.001 0 4.637717761397993e-07 0 0 1
Step 277 0.2770000000000002 0.001 0 5.317721730558915e-07 0 0 1
Step 278 0.2780000000000002 0.001 0 9.921327941991806e-07 0 0 1
Step 279 0.2790000000000002 0.001 0 7.993322028185763e-07 0 0 1
Step 280 0.2800000000000002 0.001 1 1.329246433272249e-17 0 0 1
Step 281 0.2810000000000002 0.001 0 7.769613718874335e-07 0 0 1
Step 282 0.2820000000000002 0.001 1 1.200410151662383e-16 0 0 1
Step 283 0.2830000000000002 0.001 1 1.770371700201766e-16 0 0 1
Step 284 0.2840000000000002 0.001 0 8.124553568113477e-07 0 0 1
Step 285 0.2850000000000002 0.001 0 2.715389875348476e-07 0 0 1
Step 286 0.2860000000000002 0.001 1 3.998602770076393e-17 0 0 1
Step 287 0.2870000000000002 0.001 0 5.947041563692255e-08 0 0 1
Step 288 0.2880000000000002 0.001 0 4.737026092069367e-07 0 0 1
Step 289 0.2890000000000002 0.001 0 2.972977076089482e-07 0 0 1
Step 290 0.2900000000000002 0.001 1 2.67478169963548e-17 0 0 1
Step 291 0.2910000000000002 0.001 0 2.724884431867401e-07 0 0 1
Step 292 0.2920000000000002 0.001 0 4.058146827075216e-07 0 0 1
Step 293 0.2930000000000002 0.001 0 5.012219418735954e-07 0 0 1
Step 294 0.2940000000000002 0.001 1 2.659475784218198e-16 0 0 1
Step 295 0.2950000000000002 0.001 1 3.013989355022684e-17 0 0 1
Step 296 0.2960000000000002 0.001 0 3.582301076070577e-07 0 0 1
Step 297 0.2970000000000002 0.001 0 1.197271321172375e-07 0 0 1
Step 298 0.2980000000000002 0.001 0 8.772512485906721e-07 0 0 1
Step 299 0.2990000000000002 0.001 0 2.573189950474176e-08 0 0 1
Step 300 0.3000000000000002 0.001 1 2.723695884273831e-16 0 0 1
Step 301 0.3010000000000002 0.001 0 9.11900380727416e-07 0 0 1
Step 302 0.3020000000000002 0.001 0 2.617945694013403e-07 0 0 1
Step 303 0.3030000000000002 0.001 1 3.93703321910843e-16 0 0 1
Step 304 0.3040000000000002 0.001 0 1.720606105427677e-07 0 0 1
Step 305 0.3050000000000002 0.001 0 4.950385927006508e-07 0 0 1
Step 306 0.3060000000000002 0.001 0 5.675549360772212e-07 0 0 1
Step 307 0.3070000000000002 0.001 1 2.293023868863695e-16 0 0 1
Step 308 0.3080000000000002 0.001 0 8.52553640127363e-07 0 0 1
Step 309 0.3090000000000002 0.001 0 6.636810611658675e-07 0 0 1
Step 310 0.3100000000000002 0.001 1 3.271439271490552e-17 0 0 1
Step 311 0.3110000000000002 0.001 1 3.537994705691967e-16 0 0 1
Step 312 0.3120000000000002 0.001 0 3.134512364826638e-07 0 0 1
Step 313 0.3130000000000002 0.001 0 1.047694400064002e-07 0 0 1
Step 314 0.3140000000000002 0.001 0 7.676020252849442e-07 0 0 1
Step 315 0.3150000000000002 0.001 0 2.249549215494591e-08 0 0 1
Step 316 0.3160000000000002 0.001 1 1.043974923401112e-16 0 0 1
Step 317 0.3170000000000002 0.001 0 7.978746565024494e-07 0 0 1
Step 318 0.3180000000000002 0.001 0 2.290779155052155e-07 0 0 1
Step 319 0.3190000000000002 0.001 1 7.801098838922618e-19 0 0 1
Step 320 0.3200000000000002 0.001 0 1.504978988187006e-07 0 0 1
Step 321 0.3210000000000002 0.001 0 4.331594806391773e-07 0 0 1
Step 322 0.3220000000000002 0.001 0 4.964835914469446e-07 0 0 1
Step 323 0.3230000000000002 0.001 0 9.268060477952948e-07 0 0 1
Step 324 0.3240000000000002 0.001 0 7.462234603299136e-07 0 0 1
Step 325 0.3250000000000002 0.001 1 1.693904512310791e-16 0 0 1
Step 326 0.3260000000000002 0.001 0 7.249232498284638e-07 0 0 1
Step 327 0.3270000000000002 0.001 1 2.502185767233438e-16 0 0 1
Step 328 0.3280000000000002 0.001 1 9.100408724230966e-17 0 0 1
Step 329 0.3290000000000002 0.001 0 7.582001026691403e-07 0 0 1
Step 330 0.3300000000000002 0.001 0 2.534130022542619e-07 0 0 1
Step 331 0.3310000000000002 0.001 1 2.985516177415999e-16 0 0 1
Step 332 0.3320000000000002 0.001 0 5.551436685659774e-08 0 0 1
Step 333 0.3330000000000002 0.001 0 4.421382037335199e-07 0 0 1
Step 334 0.3340000000000002 0.001 0 2.775249093382362e-07 0 0 1
Step 335 0.3350000000000002 0.001 1 1.990040826993475e-16 0 0 1
Step 336 0.3360000000000002 0.001 0 2.54428171548372e-07 0 0 1
Step 337 0.3370000000000002 0.001 0 3.788518468436801e-07 0 0 1
Step 338 0.3380000000000002 0.001 0 4.680722861604623e-07 0 0 1
Step 339 0.3390000000000002 0.001 1 6.029209924140262e-17 0 0 1
Step 340 0.3400000000000002 0.001 1 5.596351124727546e-17 0 0 1
Step 341 0.3410000000000002 0.001 0 3.346008694808784e-07 0 0 1
Step 342 0.3420000000000002 0.001 0 1.118363722018452e-07 0 0 1
Step 343 0.3430000000000002 0.001 0 8.194482442635795e-07 0 0 1
Step 344 0.3440000000000003 0.001 0 2.404139508224008e-08 0 0 1
Step 345 0.3450000000000003 0.001 1 2.390389720477269e-16 0 0 1
Step 346 0.3460000000000003 0.001 0 8.519153128609019e-07 0 0 1
Step 347 0.3470000000000003 0.001 0 2.44576793817394e-07 0 0 1
Step 348 0.3480000000000003 0.001 1 6.168331830843771e-17 0 0 1
Step 349 0.3490000000000003 0.001 0 1.607775328581921e-07 0 0 1
Step 350 0.3500000000000003 0.001 0 4.625328064507033e-07 0 0 1
Step 351 0.3510000000000003 0.001 0 5.303377355530487e-07 0 0 1
Step 352 0.3520000000000003 0.001 0 9.896732154582425e-07 0 0 1
Step 353 0.3530000000000003 0.001 0 7.972838479774811e-07 0 0 1
Step 354 0.3540000000000003 0.001 1 1.33060207786871e-16 0 0 1
Step 355 0.3550000000000003 0.001 0 7.753475682322175e-07 0 0 1
Step 356 0.3560000000000003 0.001 1 8.715909587291935e-17 0 0 1
Step 357 0.3570000000000003 0.001 1 1.589691750611585e-16 0 0 1
Step 358 0.3580000000000003 0.001 0 8.108382416017571e-07 0 0 1
Step 359 0.3590000000000003 0.001 0 2.710106171697594e-07 0 0 1
Step 360 0.3600000000000003 0.001 1 2.266238099455526e-16 0 0 1
Step 361 0.3610000000000003 0.001 0 5.937816092359323e-08 0 0 1
Step 362 0.3620000000000003 0.001 0 4.728821443107273e-07 0 0 1
Step 363 0.3630000000000003 0.001 0 2.968310178001781e-07 0 0 1
Step 364 0.3640000000000003 0.001 1 2.070452062564828e-16 0 0 1
Step 365 0.3650000000000003 0.001 0 2.721432044915214e-07 0 0 1
Step 366 0.3660000000000003 0.001 0 4.052496864027401e-07 0 0 1
Step 367 0.3670000000000003 0.001 0 5.006902662517113e-07 0 0 1
Step 368 0.3680000000000003 0.001 1 2.735824306360447e-17 0 0 1
Step 369 0.3690000000000003 0.001 1 2.604697490825257e-16 0 0 1
Step 370 0.3700000000000003 0.001 0 3.579579875505769e-07 0 0 1
Step 371 0.3710000000000003 0.001 0 1.196406684798057e-07 0 0 1
Step 372 0.3720000000000003 0.001 0 8.767053250971721e-07 0 0 1
Step 373 0.3730000000000003 0.001 0 2.573587034551857e-08 0 0 1
Step 374 0.3740000000000003 0.001 1 3.278953815615096e-16 0 0 1
Step 375 0.3750000000000003 0.001 0 9.115372252039562e-07 0 0 1
Step 376 0.3760000000000003 0.001 0 2.61665916595963e-07 0 0 1
Step 377 0.3770000000000003 0.001 1 4.377618879746658e-16 0 0 1
Step 378 0.3780000000000003 0.001 0 1.721503962269467e-07 0 0 1
Step 379 0.3790000000000003 0.001 0 4.949341956802548e-07 0 0 1
Step 380 0.3800000000000003 0.001 0 5.677643894190564e-07 0 0 1
Step 381 0.3810000000000003 0.001 1 1.563861643078906e-16 0 0 1
Step 382 0.3820000000000003 0.001 0 8.532414618580872e-07 0 0 1
Step 383 0.3830000000000003 0.001 0 6.639765925702531e-07 0 0 1
Step 384 0.3840000000000003 0.001 1 1.611513514684539e-16 0 0 1
Step 385 0.3850000000000003 0.001 1 3.125081047999097e-16 0 0 1
Step 386 0.3860000000000003 0.001 0 3.135694588848791e-07 0 0 1
Step 387 0.3870000000000003 0.001 0 1.048026340675018e-07 0 0 1
Step 388 0.3880000000000003 0.001 0 7.679879112427304e-07 0 0 1
Step 389 0.3890000000000003 0.001 0 2.254341294977866e-08 0 0 1
Step 390 0.3900000000000003 0.001 1 2.701008030895982e-16 0 0 1
Step 391 0.3910000000000003 0.001 0 7.984905851958881e-07 0 0 1
Step 392 0.3920000000000003 0.001 0 2.292191080364017e-07 0 0 1
Step 393 0.3930000000000003 0.001 1 5.395160977631427e-17 0 0 1
Step 394 0.3940000000000003 0.001 0 1.507921310563865e-07 0 0 1
Step 395 0.3950000000000003 0.001 0 4.335519563235884e-07 0 0 1
Step 396 0.3960000000000003 0.001 0 4.9733595381783e-07 0 0 1
Step 397 0.3970000000000003 0.001 0 9.276505131943554e-07 0 0 1
Step 398 0.3980000000000003 0.001 0 7.478819242683006e-07 0 0 1
Step 399 0.3990000000000003 0.001 1 3.150782861205145e-16 0 0 1
Step 400 0.4000000000000003 0.001 0 7.282436864986496e-07 0 0 1
Step 401 0.4010000000000003 0.001 1 2.693128247499421e-16 0 0 1
Step 402 0.4020000000000003 0.001 1 1.072598234155186e-16 0 0 1
Step 403 0.4030000000000003 0.001 0 7.614329538637621e-07 0 0 1
Step 404 0.4040000000000003 0.001 0 2.544806449128745e-07 0 0 1
Step 405 0.4050000000000003 0.001 1 1.3115019089533e-16 0 0 1
Step 406 0.4060000000000003 0.001 0 5.582111185577588e-08 0 0 1
Step 407 0.4070000000000003 0.001 0 4.440904965200963e-07 0 0 1
Step 408 0.4080000000000003 0.001 0 2.788908637047379e-07 0 0 1
Step 409 0.4090000000000003 0.001 1 4.687225711997799e-16 0 0 1
Step 410 0.4100000000000003 0.001 0 2.558789934300669e-07 0 0 1
Step 411 0.4110000000000003 0.001 0 3.807315971813478e-07 0 0 1
Step 412 0.4120000000000003 0.001 0 4.709169983620079e-07 0 0 1
Step 413 0.4130000000000003 0.001 1 1.340271965050331e-16 0 0 1
Step 414 0.4140000000000003 0.001 1 4.694968690958463e-16 0 0 1
Step 415 0.4150000000000003 0.001 0 3.36798424121089e-07 0 0 1
Step 416 0.4160000000000003 0.001 0 1.1256353144427e-07 0 0 1
Step 417 0.4170000000000003 0.001 0 8.249037097816546e-07 0 0 1
Step 418 0.4180000000000003 0.001 0 2.426380276866836e-08 0 0 1
Step 419 0.4190000000000003 0.001 1 2.26113068300614e-16 0 0 1
Step 420 0.4200000000000003 0.001 0 8.578090606444408e-07 0 0 1
Step 421 0.4210000000000003 0.001 0 2.461742154388348e-07 0 0 1
Step 422 0.4220000000000003 0.001 1 2.157449522970641e-16 0 0 1
Step 423 0.4230000000000003 0.001 0 1.621905869247755e-07 0 0 1
Step 424 0.4240000000000003 0.001 0 4.657218825946727e-07 0 0 1
Step 425 0.4250000000000003 0.001 0 5.34712940065582e-07 0 0 1
Step 426 0.4260000000000003 0.001 0 9.963416807737973e-07 0 0 1
Step 427 0.4270000000000003 0.001 0 8.044607685942919e-07 0 0 1
Step 428 0.4280000000000003 0.001 1 1.137414202914722e-16 0 0 1
Step 429 0.4290000000000003 0.001 0 7.851469543728935e-07 0 0 1
Step 430 0.4300000000000003 0.001 1 1.344688318426909e-16 0 0 1
Step 431 0.4310000000000003 0.001 1 7.112651578894597e-17 0 0 1
Step 432 0.4320000000000003 0.001 0 8.205631612937626e-07 0 0 1
Step 433 0.4330000000000003 0.001 0 2.74224715744095e-07 0 0 1
Step 434 0.4340000000000003 0.001 1 9.860084778779925e-17 0 0 1
Step 435 0.4350000000000003 0.001 0 6.017619872317927e-08 0 0 1
Step 436 0.4360000000000003 0.001 0 4.785464868429905e-07 0 0 1
Step 437 0.4370000000000003 0.001 0 3.005777090027633e-07 0 0 1
Step 438 0.4380000000000003 0.001 1 7.245245445795255e-17 0 0 1
Step 439 0.4390000000000003 0.001 0 2.758603987835392e-07 0 0 1
Step 440 0.4400000000000003 0.001 0 4.10335705702163e-07 0 0 1
Step 441 0.4410000000000003 0.001 0 5.077622008285107e-07 0 0 1
Step 442 0.4420000000000003 0.001 1 2.460579900653653e-16 0 0 1
Step 443 0.4430000000000003 0.001 1 9.148648883461113e-17 0 0 1
Step 444 0.4440000000000003 0.001 0 3.632017069315523e-07 0 0 1
Step 445 0.4450000000000003 0.001 0 1.213875890264553e-07 0 0 1
Step 446 0.4460000000000003 0.001 0 8.895971918336614e-07 0 0 1
Step 447 0.4470000000000003 0.001 0 2.618505027810346e-08 0 0 1
Step 448 0.4480000000000003 0.001 1 1.281274591696399e-16 0 0 1
Step 449 0.4490000000000003 0.001 0 9.25114590740739e-07 0 0 1
Step 450 0.4500000000000003 0.001 0 2.65426672173878e-07 0 0 1
Step 451 0.4510000000000003 0.001 1 5.507300847475315e-16 0 0 1
Step 452 0.4520000000000003 0.001 0 1.750772742318812e-07 0 0 1
Step 453 0.4530000000000003 0.001 0 5.022046779989333e-07 0 0 1
Step 454 0.4540000000000003 0.001 0 5.769959692070168e-07 0 0 1
Step 455 0.4550000000000003 0.001 1 4.841340417634215e-17 0 0 1
Step 456 0.4560000000000003 0.001 0 8.678544131179613e-07 0 0 1
Step 457 0.4570000000000004 0.001 0 6.746498253413696e-07 0 0 1
Step 458 0.4580000000000004 0.001 1 4.143196978337344e-16 0 0 1
Step 459 0.4590000000000004 0.001 1 5.328875189050448e-16 0 0 1
Step 460 0.4600000000000004 0.001 0 3.183724836683057e-07 0 0 1
Step 461 0.4610000000000004 0.001 0 1.063915699153059e-07 0 0 1
Step 462 0.4620000000000004 0.001 0 7.797819986169512e-07 0 0 1
Step 463 0.4630000000000004 0.001 0 2.298775079342548e-08 0 0 1
Step 464 0.4640000000000004 0.001 1 3.961640401687845e-17 0 0 1
Step 465 0.4650000000000004 0.001 0 8.109968008933272e-07 0 0 1
Step 466 0.4660000000000004 0.001 0 2.326225534289158e-07 0 0 1
Step 467 0.4670000000000004 0.001 1 2.523753893172019e-16 0 0 1
Step 468 0.4680000000000004 0.001 0 1.536408829765602e-07 0 0 1
Step 469 0.4690000000000004 0.001 0 4.402031370426242e-07 0 0 1
Step 470 0.4700000000000004 0.001 0 5.061767030074687e-07 0 0 1
Step 471 0.4710000000000004 0.001 0 9.41481000965096e-07 0 0 1
Step 472 0.4720000000000004 0.001 0 7.620609628884676e-07 0 0 1
Step 473 0.4730000000000004 0.001 1 2.084228648335368e-17 0 0 1
Step 474 0.4740000000000004 0.001 0 7.463711766466706e-07 0 0 1
Step 475 0.4750000000000004 0.001 1 4.622857693886034e-16 0 0 1
Step 476 0.4760000000000004 0.001 1 3.526879380192257e-16 0 0 1
Step 477 0.4770000000000004 0.001 0 7.794773123593643e-07 0 0 1
Step 478 0.4780000000000004 0.001 0 2.604536262264317e-07 0 0 1
Step 479 0.4790000000000004 0.001 1 1.852016733337495e-18 0 0 1
Step 480 0.4800000000000004 0.001 0 5.723399852596755e-08 0 0 1
Step 481 0.4810000000000004 0.001 0 4.545442054662061e-07 0 0 1
Step 482 0.4820000000000004 0.001 0 2.856559878750494e-07 0 0 1
Step 483 0.4830000000000004 0.001 1 9.904955307611891e-18 0 0 1
Step 484 0.4840000000000004 0.001 0 2.623859246435873e-07 0 0 1
Step 485 0.4850000000000004 0.001 0 3.898710245677184e-07 0 0 1
Step 486 0.4860000000000004 0.001 0 4.83117831113775e-07 0 0 1
Step 487 0.4870000000000004 0.001 1 6.462021927314338e-17 0 0 1
Step 488 0.4880000000000004 0.001 1 4.227666053826948e-16 0 0 1
Step 489 0.4890000000000004 0.001 0 3.457038056493075e-07 0 0 1
Step 490 0.4900000000000004 0.001 0 1.155078059413663e-07 0 0 1
Step 491 0.4910000000000004 0.001 0 8.467094272616391e-07 0 0 1
Step 492 0.4920000000000004 0.001 0 2.504808725172569e-08 0 0 1
Step 493 0.4930000000000004 0.001 1 5.886466090027943e-16 0 0 1
Step 494 0.4940000000000004 0.001 0 8.807520417784484e-07 0 0 1
Step 495 0.4950000000000004 0.001 0 2.524739714860248e-07 0 0 1
Step 496 0.4960000000000004 0.001 1 1.405750540292385e-16 0 0 1
Step 497 0.4970000000000004 0.001 0 1.672113362715721e-07 0 0 1
Step 498 0.4980000000000004 0.001 0 4.77883424930292e-07 0 0 1
Step 499 0.4990000000000004 0.001 0 5.504220883548205e-07 0 0 1
Step 500 0.5000000000000003 0.001 1 2.114497678838356e-16 0 0 1
Step 501 0.5010000000000003 0.001 0 8.288645542458845e-07 0 0 1
Step 502 0.5020000000000003 0.001 0 6.432432673933504e-07 0 0 1
Step 503 0.5030000000000003 0.001 1 1.455984445385962e-16 0 0 1
Step 504 0.5040000000000003 0.001 1 2.566931181805768e-16 0 0 1
Step 505 0.5050000000000003 0.001 0 3.031447617800853e-07 0 0 1
Step 506 0.5060000000000003 0.001 0 1.012781748873525e-07 0 0 1
Step 507 0.5070000000000003 0.001 0 7.424812442754634e-07 0 0 1
Step 508 0.5080000000000003 0.001 0 2.198116081864032e-08 0 0 1
Step 509 0.5090000000000003 0.001 1 2.624860802097715e-16 0 0 1
Step 510 0.5100000000000003 0.001 0 7.723637394764549e-07 0 0 1
Step 511 0.5110000000000003 0.001 0 2.213750911983701e-07 0 0 1
Step 512 0.5120000000000003 0.001 1 5.88633779484707e-16 0 0 1
Step 513 0.5130000000000003 0.001 0 1.467092752541693e-07 0 0 1
Step 514 0.5140000000000003 0.001 0 4.190602787088907e-07 0 0 1
Step 515 0.5150000000000003 0.001 0 4.828618527863496e-07 0 0 1
Step 516 0.5160000000000003 0.001 0 8.958513614735169e-07 0 0 1
Step 517 0.5170000000000003 0.001 0 7.276541899718977e-07 0 0 1
Step 518 0.5180000000000003 0.001 1 4.202838373592336e-16 0 0 1
Step 519 0.5190000000000003 0.001 0 7.160401979973192e-07 0 0 1
Step 520 0.5200000000000004 0.001 0 9.777008607043671e-07 0 0 1
Step 521 0.5210000000000004 0.001 1 1.60018435820286e-16 0 0 1
Step 522 0.5220000000000004 0.001 1 8.762191099559745e-16 0 0 1
Step 523 0.5230000000000004 0.001 0 6.232049567476058e-07 0 0 1
Step 524 0.5240000000000004 0.001 0 2.082244964346843e-07 0 0 1
Step 525 0.5250000000000004 0.001 1 5.295679328622327e-16 0 0 1
Step 526 0.5260000000000004 0.001 0 4.579935844384753e-08 0 0 1
Step 527 0.5270000000000004 0.001 0 3.634041827695719e-07 0 0 1
Step 528 0.5280000000000004 0.001 0 2.284698930384069e-07 0 0 1
Step 529 0.5290000000000004 0.001 0 8.493057502851571e-07 0 0 1
Step 530 0.5300000000000004 0.001 0 2.103480291177445e-07 0 0 1
Step 531 0.5310000000000004 0.001 1 2.484035809482857e-16 0 0 1
Step 532 0.5320000000000004 0.001 0 3.698833068499533e-07 0 0 1
Step 533 0.5330000000000004 0.001 0 4.751351880886327e-07 0 0 1
Step 534 0.5340000000000004 0.001 1 3.347701687690248e-16 0 0 1
Step 535 0.5350000000000004 0.001 0 8.340809000542169e-07 0 0 1
Step 536 0.5360000000000004 0.001 0 5.156731481454601e-07 0 0 1
Step 537 0.5370000000000004 0.001 1 8.599854572133094e-17 0 0 1
Step 538 0.5380000000000004 0.001 1 6.61284989278695e-16 0 0 1
Step 539 0.5390000000000004 0.001 0 1.925940206427264e-07 0 0 1
Step 540 0.5400000000000004 0.001 0 6.435132225610348e-08 0 0 1
Step 541 0.5410000000000004 0.001 0 4.717066935986747e-07 0 0 1
Step 542 0.5420000000000004 0.001 0 1.394863609911989e-08 0 0 1
Step 543 0.5430000000000004 0.001 0 9.904534924544308e-07 0 0 1
Step 544 0.5440000000000004 0.001 0 4.902293490336458e-07 0 0 1
Step 545 0.5450000000000004 0.001 1 6.096423979083934e-16 0 0 1
Step 546 0.5460000000000004 0.001 1 2.299230185973365e-17 0 0 1
Step 547 0.5470000000000004 0.001 0 1.268097094350415e-07 0 0 1
Step 548 0.5480000000000004 0.001 0 4.23757035478764e-08 0 0 1
Step 549 0.5490000000000004 0.001 0 3.105972958391936e-07 0 0 1
Step 550 0.5500000000000004 0.001 0 9.175662872680172e-09 0 0 1
Step 551 0.5510000000000004 0.001 0 6.521641831037747e-07 0 0 1
Step 552 0.5520000000000004 0.001 0 3.227805019389732e-07 0 0 1
Step 553 0.5530000000000004 0.001 1 2.382756732329512e-16 0 0 1
Step 554 0.5540000000000004 0.001 1 1.523942853592521e-16 0 0 1
Step 555 0.5550000000000004 0.001 0 8.348208887036903e-08 0 0 1
Step 556 0.5560000000000004 0.001 0 2.789947832296228e-08 0 0 1
Step 557 0.5570000000000004 0.001 0 2.044846557191058e-07 0 0 1
Step 558 0.5580000000000004 0.001 0 6.030823147292877e-09 0 0 1
Step 559 0.5590000000000004 0.001 0 4.293632073806977e-07 0 0 1
Step 560 0.5600000000000004 0.001 0 2.12481243186634e-07 0 0 1
Step 561 0.5610000000000004 0.001 0 9.427835071813144e-07 0 0 1
Step 562 0.5620000000000004 0.001 0 8.995073229879002e-07 0 0 1
Step 563 0.5630000000000004 0.001 1 6.936971285115551e-16 0 0 1
Step 564 0.5640000000000004 0.001 1 4.234764123754529e-16 0 0 1
Step 565 0.5650000000000004 0.001 0 5.276982432948973e-07 0 0 1
Step 566 0.5660000000000004 0.001 0 1.763147581441018e-07 0 0 1
Step 567 0.5670000000000004 0.001 1 2.928201403175432e-16 0 0 1
Step 568 0.5680000000000004 0.001 0 3.876397002207911e-08 0 0 1
Step 569 0.5690000000000004 0.001 0 3.076965547121723e-07 0 0 1
Step 570 0.5700000000000004 0.001 0 1.934184488908921e-07 0 0 1
Step 571 0.5710000000000004 0.001 0 7.191167527620836e-07 0 0 1
Step 572 0.5720000000000004 0.001 0 1.780260535067305e-07 0 0 1
Step 573 0.5730000000000004 0.001 1 4.179162423435316e-16 0 0 1
Step 574 0.5740000000000004 0.001 0 3.133355617805573e-07 0 0 1
Step 575 0.5750000000000004 0.001 0 4.022324862967447e-07 0 0 1
Step 576 0.5760000000000004 0.001 0 8.668069118524684e-07 0 0 1
Step 577 0.5770000000000004 0.001 0 7.062761899381105e-07 0 0 1
Step 578 0.5780000000000004 0.001 1 1.000685031296111e-16 0 0 1
Step 579 0.5790000000000004 0.001 0 7.337223905997533e-07 0 0 1
Step 580 0.5800000000000004 0.001 0 9.358893924246648e-07 0 0 1
Step 581 0.5810000000000004 0.001 1 9.043045231606967e-17 0 0 1
Step 582 0.5820000000000004 0.001 1 4.4474942472846e-16 0 0 1
Step 583 0.5830000000000004 0.001 0 5.819160599922749e-07 0 0 1
Step 584 0.5840000000000004 0.001 0 1.944507253980007e-07 0 0 1
Step 585 0.5850000000000004 0.001 1 4.10228043716808e-16 0 0 1
Step 586 0.5860000000000004 0.001 0 4.270410572503734e-08 0 0 1
Step 587 0.5870000000000004 0.001 0 3.393568325941952e-07 0 0 1
Step 588 0.5880000000000004 0.001 0 2.132009059879803e-07 0 0 1
Step 589 0.5890000000000004 0.001 0 7.931621165024232e-07 0 0 1
Step 590 0.5900000000000004 0.001 0 1.960883539661515e-07 0 0 1
Step 591 0.5910000000000004 0.001 1 3.669284649440407e-16 0 0 1
Step 592 0.5920000000000004 0.001 0 3.461551224643833e-07 0 0 1
Step 593 0.5930000000000004 0.001 0 4.434074967554415e-07 0 0 1
Step 594 0.5940000000000004 0.001 0 9.572815002861391e-07 0 0 1
Step 595 0.5950000000000004 0.001 0 7.779080474537142e-07 0 0 1
Step 596 0.5960000000000004 0.001 1 5.522628189255094e-16 0 0 1
Step 597 0.5970000000000004 0.001 0 8.055095126043882e-07 0 0 1
Step 598 0.5980000000000004 0.001 1 3.324320124794271e-16 0 0 1
Step 599 0.5990000000000004 0.001 1 4.037854144584038e-17 0 0 1
Step 600 0.6000000000000004 0.001 0 8.330519690052736e-07 0 0 1
Step 601 0.6010000000000004 0.001 0 2.783509127624265e-07 0 0 1
Step 602 0.6020000000000004 0.001 1 6.146866916654277e-16 0 0 1
Step 603 0.6030000000000004 0.001 0 6.117883514191438e-08 0 0 1
Step 604 0.6040000000000004 0.001 0 4.85781061118108e-07 0 0 1
Step 605 0.6050000000000004 0.001 0 3.052880678597917e-07 0 0 1
Step 606 0.6060000000000004 0.001 1 2.39937434365532e-16 0 0 1
Step 607 0.6070000000000004 0.001 0 2.804057997771833e-07 0 0 1
Step 608 0.6080000000000004 0.001 0 4.166952114301375e-07 0 0 1
Step 609 0.6090000000000004 0.001 0 5.16287267296073e-07 0 0 1
Step 610 0.6100000000000004 0.001 1 1.843075586053504e-16 0 0 1
Step 611 0.6110000000000004 0.001 1 4.925171458786586e-16 0 0 1
Step 612 0.6120000000000004 0.001 0 3.694267683333252e-07 0 0 1
Step 613 0.6130000000000004 0.001 0 1.234343715448196e-07 0 0 1
Step 614 0.6140000000000004 0.001 0 9.048411684844536e-07 0 0 1
Step 615 0.6150000000000004 0.001 0 2.676497367062433e-08 0 0 1
Step 616 0.6160000000000004 0.001 1 4.060743221898604e-16 0 0 1
Step 617 0.6170000000000004 0.001 0 9.412074696298944e-07 0 0 1
Step 618 0.6180000000000004 0.001 0 2.697665073253299e-07 0 0 1
Step 619 0.6190000000000004 0.001 1 2.576527225744098e-16 0 0 1
Step 620 0.6200000000000004 0.001 0 1.787433301112563e-07 0 0 1
Step 621 0.6210000000000004 0.001 0 5.106582676261929e-07 0 0 1
Step 622 0.6220000000000004 0.001 0 5.883519884463447e-07 0 0 1
Step 623 0.6230000000000004 0.001 1 2.106998747070337e-16 0 0 1
Step 624 0.6240000000000004 0.001 0 8.860976987631208e-07 0 0 1
Step 625 0.6250000000000004 0.001 0 6.875641609150071e-07 0 0 1
Step 626 0.6260000000000004 0.001 1 1.962451871261396e-16 0 0 1
Step 627 0.6270000000000004 0.001 1 6.282050026386397e-16 0 0 1
Step 628 0.6280000000000004 0.001 0 3.23982154939234e-07 0 0 1
Step 629 0.6290000000000004 0.001 0 1.082445878297664e-07 0 0 1
Step 630 0.6300000000000004 0.001 0 7.935229488512491e-07 0 0 1
Step 631 0.6310000000000004 0.001 0 2.349297238942279e-08 0 0 1
Step 632 0.6320000000000005 0.001 1 1.755293835143556e-16 0 0 1
Step 633 0.6330000000000005 0.001 0 8.254580651498009e-07 0 0 1
Step 634 0.6340000000000005 0.001 0 2.365538729604015e-07 0 0 1
Step 635 0.6350000000000005 0.001 1 1.986183437153278e-16 0 0 1
Step 636 0.6360000000000005 0.001 0 1.568398570085337e-07 0 0 1
Step 637 0.6370000000000005 0.001 0 4.478294405022426e-07 0 0 1
Step 638 0.6380000000000005 0.001 0 5.16167524424185e-07 0 0 1
Step 639 0.6390000000000005 0.001 0 9.572848119865454e-07 0 0 1
Step 640 0.6400000000000005 0.001 0 7.779183451313199e-07 0 0 1
Step 641 0.6410000000000005 0.001 1 3.392110514293624e-17 0 0 1
Step 642 0.6420000000000005 0.001 0 7.655240603602737e-07 0 0 1
Step 643 0.6430000000000005 0.001 1 2.796275218839172e-16 0 0 1
Step 644 0.6440000000000005 0.001 1 1.073058937686375e-16 0 0 1
Step 645 0.6450000000000005 0.001 0 7.987278648488956e-07 0 0 1
Step 646 0.6460000000000005 0.001 0 2.668072578962296e-07 0 0 1
Step 647 0.6470000000000005 0.001 1 7.437660056370823e-17 0 0 1
Step 648 0.6480000000000005 0.001 0 5.879605023715046e-08 0 0 1
Step 649 0.6490000000000005 0.001 0 4.656511979735781e-07 0 0 1
Step 650 0.6500000000000005 0.001 0 2.929714290962829e-07 0 0 1
Step 651 0.6510000000000005 0.001 1 1.649213174489501e-16 0 0 1
Step 652 0.6520000000000005 0.001 0 2.695487450583707e-07 0 0 1
Step 653 0.6530000000000005 0.001 0 3.997217164691815e-07 0 0 1
Step 654 0.6540000000000005 0.001 0 4.965994429469247e-07 0 0 1
Step 655 0.6550000000000005 0.001 1 1.877431130819671e-16 0 0 1
Step 656 0.6560000000000005 0.001 1 3.261889792437775e-16 0 0 1
Step 657 0.6570000000000005 0.001 0 3.555937833654264e-07 0 0 1
Step 658 0.6580000000000005 0.001 0 1.187735473438518e-07 0 0 1
Step 659 0.6590000000000005 0.001 0 8.708942952767351e-07 0 0 1
Step 660 0.6600000000000005 0.001 0 2.589182838231785e-08 0 0 1
Step 661 0.6610000000000005 0.001 1 5.55930661683767e-16 0 0 1
Step 662 0.6620000000000005 0.001 0 9.061272434783971e-07 0 0 1
Step 663 0.6630000000000005 0.001 0 2.594487724917431e-07 0 0 1
Step 664 0.6640000000000005 0.001 1 7.296896771159051e-17 0 0 1
Step 665 0.6650000000000005 0.001 0 1.726796432256681e-07 0 0 1
Step 666 0.6660000000000005 0.001 0 4.913181991612842e-07 0 0 1
Step 667 0.6670000000000005 0.001 0 5.676390539146481e-07 0 0 1
Step 668 0.6680000000000005 0.001 1 2.60745876061844e-16 0 0 1
Step 669 0.6690000000000005 0.001 0 8.560070923341623e-07 0 0 1
Step 670 0.6700000000000005 0.001 0 6.629580160314041e-07 0 0 1
Step 671 0.6710000000000005 0.001 1 6.940335765038104e-17 0 0 1
Step 672 0.6720000000000005 0.001 1 3.651601211908863e-16 0 0 1
Step 673 0.6730000000000005 0.001 0 3.118678751164621e-07 0 0 1
Step 674 0.6740000000000005 0.001 0 1.041576716777612e-07 0 0 1
Step 675 0.6750000000000005 0.001 0 7.63794482485139e-07 0 0 1
Step 676 0.6760000000000005 0.001 0 2.27344640366509e-08 0 0 1
Step 677 0.6770000000000005 0.001 1 1.844197206215577e-16 0 0 1
Step 678 0.6780000000000005 0.001 0 7.947483126390988e-07 0 0 1
Step 679 0.6790000000000005 0.001 0 2.275226822881509e-07 0 0 1
Step 680 0.6800000000000005 0.001 1 1.59420433695985e-17 0 0 1
Step 681 0.6810000000000005 0.001 0 1.515284129097114e-07 0 0 1
Step 682 0.6820000000000005 0.001 0 4.308961448980922e-07 0 0 1
Step 683 0.6830000000000005 0.001 0 4.980439815833719e-07 0 0 1
Step 684 0.6840000000000005 0.001 0 9.204623351848804e-07 0 0 1
Step 685 0.6850000000000005 0.001 0 7.515119644924343e-07 0 0 1
Step 686 0.6860000000000005 0.001 1 5.506415888456515e-16 0 0 1
Step 687 0.6870000000000005 0.001 0 7.439874395144986e-07 0 0 1
Step 688 0.6880000000000005 0.001 1 2.514242446434827e-16 0 0 1
Step 689 0.6890000000000005 0.001 1 2.966741631066875e-16 0 0 1
Step 690 0.6900000000000005 0.001 0 7.752984640572582e-07 0 0 1
Step 691 0.6910000000000005 0.001 0 2.589345913755228e-07 0 0 1
Step 692 0.6920000000000005 0.001 1 3.964570669046225e-16 0 0 1
Step 693 0.6930000000000005 0.001 0 5.710944060119112e-08 0 0 1
Step 694 0.6940000000000005 0.001 0 4.518552960528298e-07 0 0 1
Step 695 0.6950000000000005 0.001 0 2.84371447359069e-07 0 0 1
Step 696 0.6960000000000005 0.001 1 6.209052795177876e-17 0 0 1
Step 697 0.6970000000000005 0.001 0 2.617353487568099e-07 0 0 1
Step 698 0.6980000000000005 0.001 0 3.87900133967101e-07 0 0 1
Step 699 0.6990000000000005 0.001 0 4.822763859758828e-07 0 0 1
Step 700 0.7000000000000005 0.001 1 3.148697689735338e-16 0 0 1
Step 701 0.7010000000000005 0.001 1 2.174758273358397e-16 0 0 1
Step 702 0.7020000000000005 0.001 0 3.45369659884399e-07 0 0 1
Step 703 0.7030000000000005 0.001 0 1.153328379192497e-07 0 0 1
Step 704 0.7040000000000005 0.001 0 8.458015093165361e-07 0 0 1
Step 705 0.7050000000000005 0.001 0 2.523631515611326e-08 0 0 1
Step 706 0.7060000000000005 0.001 1 1.784885792531409e-16 0 0 1
Step 707 0.7070000000000005 0.001 0 8.800820930980491e-07 0 0 1
Step 708 0.7080000000000005 0.001 0 2.517747833065149e-07 0 0 1
Step 709 0.7090000000000005 0.001 1 7.038722100002727e-16 0 0 1
Step 710 0.7100000000000005 0.001 0 1.68167810607442e-07 0 0 1
Step 711 0.7110000000000005 0.001 0 4.769321795521222e-07 0 0 1
Step 712 0.7120000000000005 0.001 0 5.522397580723357e-07 0 0 1
Step 713 0.7130000000000005 0.001 1 2.881649785342619e-16 0 0 1
Step 714 0.7140000000000005 0.001 0 8.336160238380136e-07 0 0 1
Step 715 0.7150000000000005 0.001 0 6.44623080132446e-07 0 0 1
Step 716 0.7160000000000005 0.001 1 4.549065795157253e-16 0 0 1
Step 717 0.7170000000000005 0.001 1 5.212794930214404e-16 0 0 1
Step 718 0.7180000000000005 0.001 0 3.028334480356882e-07 0 0 1
Step 719 0.7190000000000005 0.001 0 1.011322825136386e-07 0 0 1
Step 720 0.7200000000000005 0.001 0 7.416306326528836e-07 0 0 1
Step 721 0.7210000000000005 0.001 0 2.211305508342567e-08 0 0 1
Step 722 0.7220000000000005 0.001 1 1.708962147686093e-16 0 0 1
Step 723 0.7230000000000005 0.001 0 7.71654048069574e-07 0 0 1
Step 724 0.7240000000000005 0.001 0 2.207885958029929e-07 0 0 1
Step 725 0.7250000000000005 0.001 1 5.106209228910027e-16 0 0 1
Step 726 0.7260000000000005 0.001 0 1.473720247131207e-07 0 0 1
Step 727 0.7270000000000005 0.001 0 4.181969577301299e-07 0 0 1
Step 728 0.7280000000000005 0.001 0 4.840323381987758e-07 0 0 1
Step 729 0.7290000000000005 0.001 0 8.930344322684824e-07 0 0 1
Step 730 0.7300000000000005 0.001 0 7.307826093608547e-07 0 0 1
Step 731 0.7310000000000005 0.001 1 5.24903811486384e-18 0 0 1
Step 732 0.7320000000000005 0.001 0 7.255962293860583e-07 0 0 1
Step 733 0.7330000000000005 0.001 0 9.795586867032616e-07 0 0 1
Step 734 0.7340000000000005 0.001 1 1.416273038673058e-16 0 0 1
Step 735 0.7350000000000005 0.001 1 2.636430567537056e-16 0 0 1
Step 736 0.7360000000000005 0.001 0 6.218081597050484e-07 0 0 1
Step 737 0.7370000000000005 0.001 0 2.076627377698713e-07 0 0 1
Step 738 0.7380000000000005 0.001 1 1.66949095913345e-16 0 0 1
Step 739 0.7390000000000005 0.001 0 4.581027306596639e-08 0 0 1
Step 740 0.7400000000000005 0.001 0 3.623929089265078e-07 0 0 1
Step 741 0.7410000000000005 0.001 0 2.28072452124879e-07 0 0 1
Step 742 0.7420000000000005 0.001 0 8.466905817758663e-07 0 0 1
Step 743 0.7430000000000005 0.001 0 2.101945720065905e-07 0 0 1
Step 744 0.7440000000000005 0.001 1 1.242277611811075e-16 0 0 1
Step 745 0.7450000000000006 0.001 0 3.67534668947379e-07 0 0 1
Step 746 0.7460000000000006 0.001 0 4.739676479790016e-07 0 0 1
Step 747 0.7470000000000006 0.001 1 2.892290390136252e-16 0 0 1
Step 748 0.7480000000000006 0.001 0 8.332844880901364e-07 0 0 1
Step 749 0.7490000000000006 0.001 0 5.139386176344243e-07 0 0 1
Step 750 0.7500000000000006 0.001 1 3.134188262796236e-16 0 0 1
Step 751 0.7510000000000006 0.001 1 4.466110280641355e-16 0 0 1
Step 752 0.7520000000000006 0.001 0 1.9133108365164e-07 0 0 1
Step 753 0.7530000000000006 0.001 0 6.391612486284169e-08 0 0 1
Step 754 0.7540000000000006 0.001 0 4.685913331518865e-07 0 0 1
Step 755 0.7550000000000006 0.001 0 1.389880320962173e-08 0 0 1
Step 756 0.7560000000000006 0.001 0 9.838739395132281e-07 0 0 1
Step 757 0.7570000000000006 0.001 0 4.870898106228322e-07 0 0 1
Step 758 0.7580000000000006 0.001 1 3.957491438003614e-16 0 0 1
Step 759 0.7590000000000006 0.001 1 4.776423769856678e-17 0 0 1
Step 760 0.7600000000000006 0.001 0 1.260657254110024e-07 0 0 1
Step 761 0.7610000000000006 0.001 0 4.212865780890043e-08 0 0 1
Step 762 0.7620000000000006 0.001 0 3.087498374138191e-07 0 0 1
Step 763 0.7630000000000006 0.001 0 9.124985473015957e-09 0 0 1
Step 764 0.7640000000000006 0.001 0 6.482341091982128e-07 0 0 1
Step 765 0.7650000000000006 0.001 0 3.208687448698743e-07 0 0 1
Step 766 0.7660000000000006 0.001 1 2.817527128040232e-16 0 0 1
Step 767 0.7670000000000006 0.001 1 2.182421146875257e-17 0 0 1
Step 768 0.7680000000000006 0.001 0 8.302154984858163e-08 0 0 1
Step 769 0.7690000000000006 0.001 0 2.772858284523232e-08 0 0 1
Step 770 0.7700000000000006 0.001 0 2.033287563907829e-07 0 0 1
Step 771 0.7710000000000006 0.001 0 6.03597313237121e-09 0 0 1
Step 772 0.7720000000000006 0.001 0 4.269194804182785e-07 0 0 1
Step 773 0.7730000000000006 0.001 0 2.113630936272819e-07 0 0 1
Step 774 0.7740000000000006 0.001 0 9.374085844303122e-07 0 0 1
Step 775 0.7750000000000006 0.001 0 8.945579942298277e-07 0 0 1
Step 776 0.7760000000000006 0.001 1 5.127917334148115e-17 0 0 1
Step 777 0.7770000000000006 0.001 1 1.204245443745868e-16 0 0 1
Step 778 0.7780000000000006 0.001 0 5.247896898175145e-07 0 0 1
Step 779 0.7790000000000006 0.001 0 1.752655944981937e-07 0 0 1
Step 780 0.7800000000000006 0.001 1 5.257297945105418e-16 0 0 1
Step 781 0.7810000000000006 0.001 0 3.865981533869203e-08 0 0 1
Step 782 0.7820000000000006 0.001 0 3.058498226670611e-07 0 0 1
Step 783 0.7830000000000006 0.001 0 1.924894128033317e-07 0 0 1
Step 784 0.7840000000000006 0.001 0 7.145943645231885e-07 0 0 1
Step 785 0.7850000000000006 0.001 0 1.773906761559911e-07 0 0 1
Step 786 0.7860000000000006 0.001 1 1.040044268831862e-16 0 0 1
Step 787 0.7870000000000006 0.001 0 3.102521428709724e-07 0 0 1
Step 788 0.7880000000000006 0.001 0 4.000198723530284e-07 0 0 1
Step 789 0.7890000000000006 0.001 0 8.587594177267976e-07 0 0 1
Step 790 0.7900000000000006 0.001 0 7.034791045681492e-07 0 0 1
Step 791 0.7910000000000006 0.001 1 3.0161001590395e-16 0 0 1
Step 792 0.7920000000000006 0.001 0 7.355485527711078e-07 0 0 1
Step 793 0.7930000000000006 0.001 0 9.304859480987389e-07 0 0 1
Step 794 0.7940000000000006 0.001 1 3.269967224115744e-16 0 0 1
Step 795 0.7950000000000006 0.001 1 1.917521076012937e-16 0 0 1
Step 796 0.7960000000000006 0.001 0 5.767403617613237e-07 0 0 1
Step 797 0.7970000000000006 0.001 0 1.926400364278305e-07 0 0 1
Step 798 0.7980000000000006 0.001 1 4.302444157027477e-16 0 0 1
Step 799 0.7990000000000006 0.001 0 4.245842287606593e-08 0 0 1
Step 800 0.8000000000000006 0.001 0 3.361549321182595e-07 0 0 1
Step 801 0.8010000000000006 0.001 0 2.114895503302858e-07 0 0 1
Step 802 0.8020000000000006 0.001 0 7.854438039623368e-07 0 0 1
Step 803 0.8030000000000006 0.001 0 1.948281058677275e-07 0 0 1
Step 804 0.8040000000000006 0.001 1 5.270500426406075e-16 0 0 1
Step 805 0.8050000000000006 0.001 0 3.412831992905377e-07 0 0 1
Step 806 0.8060000000000006 0.001 0 4.39580920994007e-07 0 0 1
Step 807 0.8070000000000006 0.001 0 9.445146901173416e-07 0 0 1
Step 808 0.8080000000000006 0.001 0 7.727256916718859e-07 0 0 1
Step 809 0.8090000000000006 0.001 1 5.364543660477779e-17 0 0 1
Step 810 0.8100000000000006 0.001 0 8.064037531780623e-07 0 0 1
Step 811 0.8110000000000006 0.001 1 3.650866052558556e-16 0 0 1
Step 812 0.8120000000000006 0.001 1 5.328566204051893e-16 0 0 1
Step 813 0.8130000000000006 0.001 0 8.326106248654631e-07 0 0 1
Step 814 0.8140000000000006 0.001 0 2.780444966775828e-07 0 0 1
Step 815 0.8150000000000006 0.001 1 2.224208463569417e-16 0 0 1
Step 816 0.8160000000000006 0.001 0 6.141532730211806e-08 0 0 1
Step 817 0.8170000000000006 0.001 0 4.852295119071914e-07 0 0 1
Step 818 0.8180000000000006 0.001 0 3.055907036651413e-07 0 0 1
Step 819 0.8190000000000006 0.001 1 5.936484741807308e-16 0 0 1
Step 820 0.8200000000000006 0.001 0 2.815309483983501e-07 0 0 1
Step 821 0.8210000000000006 0.001 0 4.167363394109162e-07 0 0 1
Step 822 0.8220000000000006 0.001 0 5.189241129864544e-07 0 0 1
Step 823 0.8230000000000006 0.001 1 1.349496381112591e-16 0 0 1
Step 824 0.8240000000000006 0.001 1 4.85679435868478e-16 0 0 1
Step 825 0.8250000000000006 0.001 0 3.717580859020837e-07 0 0 1
Step 826 0.8260000000000006 0.001 0 1.241200131846891e-07 0 0 1
Step 827 0.8270000000000006 0.001 0 9.104025841557543e-07 0 0 1
Step 828 0.8280000000000006 0.001 0 2.722500456018435e-08 0 0 1
Step 829 0.8290000000000006 0.001 1 2.903111498093737e-17 0 0 1
Step 830 0.8300000000000006 0.001 0 9.474493968782266e-07 0 0 1
Step 831 0.8310000000000006 0.001 0 2.709331913585121e-07 0 0 1
Step 832 0.8320000000000006 0.001 1 8.721148841830057e-16 0 0 1
Step 833 0.8330000000000006 0.001 0 1.812934301869422e-07 0 0 1
Step 834 0.8340000000000006 0.001 0 5.133043331307865e-07 0 0 1
Step 835 0.8350000000000006 0.001 0 5.950913200854034e-07 0 0 1
Step 836 0.8360000000000006 0.001 1 5.166435175400972e-16 0 0 1
Step 837 0.8370000000000006 0.001 0 8.987886352316949e-07 0 0 1
Step 838 0.8380000000000006 0.001 0 6.944820235988392e-07 0 0 1
Step 839 0.8390000000000006 0.001 1 1.041360668507965e-15 0 0 1
Step 840 0.8400000000000006 0.001 1 2.373202112070539e-16 0 0 1
Step 841 0.8410000000000006 0.001 0 3.260356367480719e-07 0 0 1
Step 842 0.8420000000000006 0.001 0 1.088547724582218e-07 0 0 1
Step 843 0.8430000000000006 0.001 0 7.98415540947472e-07 0 0 1
Step 844 0.8440000000000006 0.001 0 2.386421386565709e-08 0 0 1
Step 845 0.8450000000000006 0.001 1 3.382767373141426e-16 0 0 1
Step 846 0.8460000000000006 0.001 0 8.308465067034258e-07 0 0 1
Step 847 0.8470000000000006 0.001 0 2.376092890824625e-07 0 0 1
Step 848 0.8480000000000006 0.001 1 9.280871041557912e-16 0 0 1
Step 849 0.8490000000000006 0.001 0 1.589130622298904e-07 0 0 1
Step 850 0.8500000000000006 0.001 0 4.501615941072478e-07 0 0 1
Step 851 0.8510000000000006 0.001 0 5.216509183204728e-07 0 0 1
Step 852 0.8520000000000006 0.001 0 9.609505312041773e-07 0 0 1
Step 853 0.8530000000000006 0.001 0 7.879538389187064e-07 0 0 1
Step 854 0.8540000000000006 0.001 1 1.556882028501824e-16 0 0 1
Step 855 0.8550000000000006 0.001 0 7.837441952309173e-07 0 0 1
Step 856 0.8560000000000006 0.001 1 4.190997699589691e-18 0 0 1
Step 857 0.8570000000000007 0.001 1 8.233048532611886e-16 0 0 1
Step 858 0.8580000000000007 0.001 0 8.158866068125507e-07 0 0 1
Step 859 0.8590000000000007 0.001 0 2.724267398005001e-07 0 0 1
Step 860 0.8600000000000007 0.001 1 9.991783290278805e-16 0 0 1
Step 861 0.8610000000000007 0.001 0 6.016634520126459e-08 0 0 1
Step 862 0.8620000000000007 0.001 0 4.753518510556447e-07 0 0 1
Step 863 0.8630000000000007 0.001 0 2.993226518162159e-07 0 0 1
Step 864 0.8640000000000007 0.001 1 7.049961754615185e-16 0 0 1
Step 865 0.8650000000000007 0.001 0 2.757088656438877e-07 0 0 1
Step 866 0.8660000000000007 0.001 0 4.081868345908397e-07 0 0 1
Step 867 0.8670000000000007 0.001 0 5.081372638694559e-07 0 0 1
Step 868 0.8680000000000007 0.001 1 6.963982041858707e-16 0 0 1
Step 869 0.8690000000000007 0.001 1 3.022253623204369e-16 0 0 1
Step 870 0.8700000000000007 0.001 0 3.639631964423298e-07 0 0 1
Step 871 0.8710000000000007 0.001 0 1.215289030324532e-07 0 0 1
Step 872 0.8720000000000007 0.001 0 8.91221200886055e-07 0 0 1
Step 873 0.8730000000000007 0.001 0 2.664803638723276e-08 0 0 1
Step 874 0.8740000000000007 0.001 1 3.864734303057857e-16 0 0 1
Step 875 0.8750000000000007 0.001 0 9.273006892352918e-07 0 0 1
Step 876 0.8760000000000007 0.001 0 2.651157227242423e-07 0 0 1
Step 877 0.8770000000000007 0.001 1 1.148068090503343e-16 0 0 1
Step 878 0.8780000000000007 0.001 0 1.774993812264824e-07 0 0 1
Step 879 0.8790000000000007 0.001 0 5.022593832250058e-07 0 0 1
Step 880 0.8800000000000007 0.001 0 5.824493786349667e-07 0 0 1
Step 881 0.8810000000000007 0.001 1 3.442943907008934e-16 0 0 1
Step 882 0.8820000000000007 0.001 0 8.79774049942167e-07 0 0 1
Step 883 0.8830000000000007 0.001 0 6.796166547150944e-07 0 0 1
Step 884 0.8840000000000007 0.001 1 5.742113547307532e-16 0 0 1
Step 885 0.8850000000000007 0.001 1 1.014557491641536e-16 0 0 1
Step 886 0.8860000000000007 0.001 0 3.189511706675891e-07 0 0 1
Step 887 0.8870000000000007 0.001 0 1.065152233846966e-07 0 0 1
Step 888 0.8880000000000007 0.001 0 7.810332857745801e-07 0 0 1
Step 889 0.8890000000000007 0.001 0 2.329476102915147e-08 0 0 1
Step 890 0.8900000000000007 0.001 1 7.890101577912184e-16 0 0 1
Step 891 0.8910000000000007 0.001 0 8.125120360588501e-07 0 0 1
Step 892 0.8920000000000007 0.001 0 2.32398062749012e-07 0 0 1
Step 893 0.8930000000000007 0.001 1 6.10475561495093e-16 0 0 1
Step 894 0.8940000000000007 0.001 0 1.552752897614635e-07 0 0 1
Step 895 0.8950000000000007 0.001 0 4.401712936890441e-07 0 0 1
Step 896 0.8960000000000007 0.001 0 5.097815638322196e-07 0 0 1
Step 897 0.8970000000000007 0.001 0 9.396585027644012e-07 0 0 1
Step 898 0.8980000000000007 0.001 0 7.697432007737409e-07 0 0 1
Step 899 0.8990000000000007 0.001 1 2.80441797928605e-16 0 0 1
Step 900 0.9000000000000007 0.001 0 7.648902204084611e-07 0 0 1
Step 901 0.9010000000000007 0.001 1 1.337531104822493e-16 0 0 1
Step 902 0.9020000000000007 0.001 1 5.287773292948621e-16 0 0 1
Step 903 0.9030000000000007 0.001 0 7.962207875150905e-07 0 0 1
Step 904 0.9040000000000007 0.001 0 2.657803961338657e-07 0 0 1
Step 905 0.9050000000000007 0.001 1 1.005953519770129e-15 0 0 1
Step 906 0.9060000000000007 0.001 0 5.887252873163761e-08 0 0 1
Step 907 0.9070000000000007 0.001 0 4.637461379764623e-07 0 0 1
Step 908 0.9080000000000007 0.001 0 2.923679594275949e-07 0 0 1
Step 909 0.9090000000000007 0.001 1 3.116592239113761e-16 0 0 1
Step 910 0.9100000000000007 0.001 0 2.697837249185832e-07 0 0 1
Step 911 0.9110000000000007 0.001 0 3.984375333085944e-07 0 0 1
Step 912 0.9120000000000007 0.001 0 4.975308532239422e-07 0 0 1
Step 913 0.9130000000000007 0.001 1 2.474663990982506e-16 0 0 1
Step 914 0.9140000000000007 0.001 1 5.923597741141905e-16 0 0 1
Step 915 0.9150000000000007 0.001 0 3.566087673763011e-07 0 0 1
Step 916 0.9160000000000007 0.001 0 1.1903025715888e-07 0 0 1
Step 917 0.9170000000000007 0.001 0 8.731022131460881e-07 0 0 1
Step 918 0.9180000000000007 0.001 0 2.622765019848753e-08 0 0 1
Step 919 0.9190000000000007 0.001 1 6.856631286822974e-16 0 0 1
Step 920 0.9200000000000007 0.001 0 9.085561352631327e-07 0 0 1
Step 921 0.9210000000000007 0.001 0 2.594934518564069e-07 0 0 1
Step 922 0.9220000000000007 0.001 1 4.874188633759024e-16 0 0 1
Step 923 0.9230000000000007 0.001 0 1.744663878402814e-07 0 0 1
Step 924 0.9240000000000007 0.001 0 4.917439429481644e-07 0 0 1
Step 925 0.9250000000000007 0.001 0 5.71729074461056e-07 0 0 1
Step 926 0.9260000000000007 0.001 1 7.415904964039738e-16 0 0 1
Step 927 0.9270000000000007 0.001 0 8.645530785541197e-07 0 0 1
Step 928 0.9280000000000007 0.001 0 6.666699900120557e-07 0 0 1
Step 929 0.9290000000000007 0.001 1 4.275441738147766e-16 0 0 1
Step 930 0.9300000000000007 0.001 1 7.061960979765318e-16 0 0 1
Step 931 0.9310000000000007 0.001 0 3.123965471438401e-07 0 0 1
Step 932 0.9320000000000007 0.001 0 1.042568786916693e-07 0 0 1
Step 933 0.9330000000000007 0.001 0 7.64877023835397e-07 0 0 1
Step 934 0.9340000000000007 0.001 0 2.303732528675986e-08 0 0 1
Step 935 0.9350000000000007 0.001 1 1.767962590513205e-16 0 0 1
Step 936 0.9360000000000007 0.001 0 7.960858981054943e-07 0 0 1
Step 937 0.9370000000000007 0.001 0 2.272993939692697e-07 0 0 1
Step 938 0.9380000000000007 0.001 1 2.664207241837735e-18 0 0 1
Step 939 0.9390000000000007 0.001 0 1.530170043786731e-07 0 0 1
Step 940 0.9400000000000007 0.001 0 4.308080824256505e-07 0 0 1
Step 941 0.9410000000000007 0.001 0 5.012802206192696e-07 0 0 1
Step 942 0.9420000000000007 0.001 0 9.186344953099502e-07 0 0 1
Step 943 0.9430000000000007 0.001 0 7.584100645781339e-07 0 0 1
Step 944 0.9440000000000007 0.001 1 8.564017281992119e-16 0 0 1
Step 945 0.9450000000000007 0.001 0 7.607024379201033e-07 0 0 1
Step 946 0.9460000000000007 0.001 1 7.078972489611672e-16 0 0 1
Step 947 0.9470000000000007 0.001 1 5.474333771336831e-17 0 0 1
Step 948 0.9480000000000007 0.001 0 7.903689545193822e-07 0 0 1
Step 949 0.9490000000000007 0.001 0 2.637571745454128e-07 0 0 1
Step 950 0.9500000000000007 0.001 1 6.025151748638563e-16 0 0 1
Step 951 0.9510000000000007 0.001 0 5.849388067327943e-08 0 0 1
Step 952 0.9520000000000007 0.001 0 4.601392194488851e-07 0 0 1
Step 953 0.9530000000000007 0.001 0 2.902027064670259e-07 0 0 1
Step 954 0.9540000000000007 0.001 1 6.403235226987147e-16 0 0 1
Step 955 0.9550000000000007 0.001 0 2.679044599720306e-07 0 0 1
Step 956 0.9560000000000007 0.001 0 3.953794454795967e-07 0 0 1
Step 957 0.9570000000000007 0.001 0 4.941162026728412e-07 0 0 1
Step 958 0.9580000000000007 0.001 1 3.784410866744737e-16 0 0 1
Step 959 0.9590000000000007 0.001 1 5.326364767175093e-16 0 0 1
Step 960 0.9600000000000007 0.001 0 3.541929860516425e-07 0 0 1
Step 961 0.9610000000000007 0.001 0 1.181972530340293e-07 0 0 1
Step 962 0.9620000000000007 0.001 0 8.670928534037281e-07 0 0 1
Step 963 0.9630000000000007 0.001 0 2.613280096740134e-08 0 0 1
Step 964 0.9640000000000007 0.001 1 6.451594608912106e-16 0 0 1
Step 965 0.9650000000000007 0.001 0 9.022894898931227e-07 0 0 1
Step 966 0.9660000000000007 0.001 0 2.574906936404311e-07 0 0 1
Step 967 0.9670000000000007 0.001 1 9.675676301963243e-16 0 0 1
Step 968 0.9680000000000007 0.001 0 1.736810298989857e-07 0 0 1
Step 969 0.9690000000000007 0.001 0 4.880481717832348e-07 0 0 1
Step 970 0.9700000000000008 0.001 0 5.68600744401563e-07 0 0 1
Step 971 0.9710000000000008 0.001 1 3.15489565118158e-16 0 0 1
Step 972 0.9720000000000008 0.001 0 8.605903833281727e-07 0 0 1
Step 973 0.9730000000000008 0.001 0 6.626270737660344e-07 0 0 1
Step 974 0.9740000000000008 0.001 1 3.643726656496731e-16 0 0 1
Step 975 0.9750000000000008 0.001 1 1.083254546083763e-16 0 0 1
Step 976 0.9760000000000008 0.001 0 3.100823701079438e-07 0 0 1
Step 977 0.9770000000000008 0.001 0 1.035037441665784e-07 0 0 1
Step 978 0.9780000000000008 0.001 0 7.591405145436494e-07 0 0 1
Step 979 0.9790000000000008 0.001 0 2.280337994688075e-08 0 0 1
Step 980 0.9800000000000008 0.001 1 7.838753895494994e-17 0 0 1
Step 981 0.9810000000000008 0.001 0 7.898220268004882e-07 0 0 1
Step 982 0.9820000000000008 0.001 0 2.255015607774588e-07 0 0 1
Step 983 0.9830000000000008 0.001 1 1.032498461307822e-15 0 0 1
Step 984 0.9840000000000008 0.001 0 1.517565864017785e-07 0 0 1
Step 985 0.9850000000000008 0.001 0 4.272931917548458e-07 0 0 1
Step 986 0.9860000000000008 0.001 0 4.971169640039862e-07 0 0 1
Step 987 0.9870000000000008 0.001 0 9.110549696329538e-07 0 0 1
Step 988 0.9880000000000008 0.001 0 7.520068735869064e-07 0 0 1
Step 989 0.9890000000000008 0.001 1 6.198188881267907e-16 0 0 1
Step 990 0.9900000000000008 0.001 0 7.540626050686983e-07 0 0 1
Step 991 0.9910000000000008 0.001 1 5.365329953597083e-16 0 0 1
Step 992 0.9920000000000008 0.001 1 2.73305628711173e-16 0 0 1
Step 993 0.9930000000000008 0.001 0 7.833037066613063e-07 0 0 1
Step 994 0.9940000000000008 0.001 0 2.613261275136471e-07 0 0 1
Step 995 0.9950000000000008 0.001 1 2.094934820568597e-16 0 0 1
Step 996 0.9960000000000008 0.001 0 5.807524808499517e-08 0 0 1
Step 997 0.9970000000000008 0.001 0 4.558480425392558e-07 0 0 1
Step 998 0.9980000000000008 0.001 0 2.877618319370841e-07 0 0 1
Step 999 0.9990000000000008 0.001 1 2.076975822374441e-16 0 0 1
Step 1000 1.000000000000001 0.001 0 2.660101146001524e-07 0 0 1
